Device: cuda, Training k=11 (largest)

=== Training Teacher largest (k=11) ===
[teacher_largest] Epoch 1/50 | train=0.5941 | val=0.8797
[teacher_largest] Epoch 2/50 | train=0.9511 | val=0.9684
[teacher_largest] Epoch 3/50 | train=0.9674 | val=0.9862
[teacher_largest] Epoch 4/50 | train=0.9773 | val=0.9882
[teacher_largest] Epoch 5/50 | train=0.9709 | val=0.9822
[teacher_largest] Epoch 6/50 | train=0.9783 | val=0.9882
[teacher_largest] Epoch 7/50 | train=0.9798 | val=0.9862
[teacher_largest] Epoch 8/50 | train=0.9802 | val=0.9882
[teacher_largest] Epoch 9/50 | train=0.9793 | val=0.9862
[teacher_largest] Epoch 10/50 | train=0.9783 | val=0.9763
[teacher_largest] Epoch 11/50 | train=0.9748 | val=0.9803
[teacher_largest] Epoch 12/50 | train=0.9788 | val=0.9842
[teacher_largest] Epoch 13/50 | train=0.9832 | val=0.9882
[teacher_largest] Epoch 14/50 | train=0.9798 | val=0.9822
[teacher_largest] Epoch 15/50 | train=0.9807 | val=0.9882
[teacher_largest] Epoch 16/50 | train=0.9802 | val=0.9882
[teacher_largest] Epoch 17/50 | train=0.9822 | val=0.9882
[teacher_largest] Epoch 18/50 | train=0.9847 | val=0.9862
[teacher_largest] Epoch 19/50 | train=0.9822 | val=0.9862
[teacher_largest] Epoch 20/50 | train=0.9842 | val=0.9744
[teacher_largest] Epoch 21/50 | train=0.9768 | val=0.9921
[teacher_largest] Epoch 22/50 | train=0.9788 | val=0.9882
[teacher_largest] Epoch 23/50 | train=0.9857 | val=0.9901
[teacher_largest] Epoch 24/50 | train=0.9817 | val=0.9822
[teacher_largest] Epoch 25/50 | train=0.9852 | val=0.9921
[teacher_largest] Epoch 26/50 | train=0.9827 | val=0.9882
[teacher_largest] Epoch 27/50 | train=0.9832 | val=0.9862
[teacher_largest] Epoch 28/50 | train=0.9862 | val=0.9921
[teacher_largest] Epoch 29/50 | train=0.9812 | val=0.9803
[teacher_largest] Epoch 30/50 | train=0.9867 | val=0.9901
[teacher_largest] Epoch 31/50 | train=0.9886 | val=0.9921
[teacher_largest] Epoch 32/50 | train=0.9817 | val=0.9921
[teacher_largest] Epoch 33/50 | train=0.9862 | val=0.9724
[teacher_largest] Epoch 34/50 | train=0.9837 | val=0.9921
[teacher_largest] Epoch 35/50 | train=0.9872 | val=0.9901
[teacher_largest] Epoch 36/50 | train=0.9881 | val=0.9901
[teacher_largest] Epoch 37/50 | train=0.9891 | val=0.9941
[teacher_largest] Epoch 38/50 | train=0.9817 | val=0.9783
[teacher_largest] Epoch 39/50 | train=0.9877 | val=0.9921
[teacher_largest] Epoch 40/50 | train=0.9881 | val=0.9921
[teacher_largest] Epoch 41/50 | train=0.9817 | val=0.9921
[teacher_largest] Epoch 42/50 | train=0.9877 | val=0.9882
[teacher_largest] Epoch 43/50 | train=0.9857 | val=0.9901
[teacher_largest] Epoch 44/50 | train=0.9881 | val=0.9901
[teacher_largest] Epoch 45/50 | train=0.9842 | val=0.9901
[teacher_largest] Epoch 46/50 | train=0.9867 | val=0.9882
[teacher_largest] Epoch 47/50 | train=0.9877 | val=0.9625
[teacher_largest] Epoch 48/50 | train=0.9881 | val=0.9862
[teacher_largest] Epoch 49/50 | train=0.9822 | val=0.9822
[teacher_largest] Epoch 50/50 | train=0.9872 | val=0.9901
  Saved: ./models/snn1d_teacher_largest.pt (params=27108, 209.4KB)

=== Training Student largest (k=11) ===
[student_largest] Epoch 1/50 | train=0.4854 | val=0.6410
[student_largest] Epoch 2/50 | train=0.6217 | val=0.7436
[student_largest] Epoch 3/50 | train=0.6820 | val=0.8107
[student_largest] Epoch 4/50 | train=0.8158 | val=0.8797
[student_largest] Epoch 5/50 | train=0.8751 | val=0.9093
[student_largest] Epoch 6/50 | train=0.9165 | val=0.9329
[student_largest] Epoch 7/50 | train=0.9333 | val=0.9369
[student_largest] Epoch 8/50 | train=0.9348 | val=0.9606
[student_largest] Epoch 9/50 | train=0.9501 | val=0.9566
[student_largest] Epoch 10/50 | train=0.9546 | val=0.9507
[student_largest] Epoch 11/50 | train=0.9610 | val=0.9566
[student_largest] Epoch 12/50 | train=0.9669 | val=0.9684
[student_largest] Epoch 13/50 | train=0.9689 | val=0.9724
[student_largest] Epoch 14/50 | train=0.9684 | val=0.9704
[student_largest] Epoch 15/50 | train=0.9753 | val=0.9704
[student_largest] Epoch 16/50 | train=0.9728 | val=0.9704
[student_largest] Epoch 17/50 | train=0.9748 | val=0.9744
[student_largest] Epoch 18/50 | train=0.9753 | val=0.9724
[student_largest] Epoch 19/50 | train=0.9758 | val=0.9822
[student_largest] Epoch 20/50 | train=0.9743 | val=0.9704
[student_largest] Epoch 21/50 | train=0.9763 | val=0.9803
[student_largest] Epoch 22/50 | train=0.9788 | val=0.9803
[student_largest] Epoch 23/50 | train=0.9773 | val=0.9842
[student_largest] Epoch 24/50 | train=0.9802 | val=0.9803
[student_largest] Epoch 25/50 | train=0.9793 | val=0.9842
[student_largest] Epoch 26/50 | train=0.9783 | val=0.9862
[student_largest] Epoch 27/50 | train=0.9807 | val=0.9822
[student_largest] Epoch 28/50 | train=0.9802 | val=0.9842
[student_largest] Epoch 29/50 | train=0.9827 | val=0.9862
[student_largest] Epoch 30/50 | train=0.9802 | val=0.9763
[student_largest] Epoch 31/50 | train=0.9793 | val=0.9862
[student_largest] Epoch 32/50 | train=0.9837 | val=0.9882
[student_largest] Epoch 33/50 | train=0.9847 | val=0.9842
[student_largest] Epoch 34/50 | train=0.9862 | val=0.9862
[student_largest] Epoch 35/50 | train=0.9857 | val=0.9862
[student_largest] Epoch 36/50 | train=0.9847 | val=0.9862
[student_largest] Epoch 37/50 | train=0.9852 | val=0.9862
[student_largest] Epoch 38/50 | train=0.9842 | val=0.9921
[student_largest] Epoch 39/50 | train=0.9842 | val=0.9901
[student_largest] Epoch 40/50 | train=0.9872 | val=0.9882
[student_largest] Epoch 41/50 | train=0.9857 | val=0.9941
[student_largest] Epoch 42/50 | train=0.9877 | val=0.9862
[student_largest] Epoch 43/50 | train=0.9847 | val=0.9921
[student_largest] Epoch 44/50 | train=0.9837 | val=0.9882
[student_largest] Epoch 45/50 | train=0.9837 | val=0.9961
[student_largest] Epoch 46/50 | train=0.9877 | val=0.9921
[student_largest] Epoch 47/50 | train=0.9886 | val=0.9921
[student_largest] Epoch 48/50 | train=0.9867 | val=0.9901
[student_largest] Epoch 49/50 | train=0.9877 | val=0.9921
[student_largest] Epoch 50/50 | train=0.9877 | val=0.9882
  Saved: ./models/snn1d_student_largest.pt (params=27108, 209.4KB)

=== Done. Results saved to ./result/kernel_sweep_results.json ===
  teacher_1d smallest (k=3): params=7652, size=136.8KB, score=1.9625
  teacher_1d small (k=5): params=12516, size=155.8KB, score=1.9689
  teacher_1d medium (k=7): params=17380, size=174.8KB, score=1.9743
  teacher_1d large (k=9): params=22244, size=193.8KB, score=1.9738
  teacher_1d largest (k=11): params=27108, size=209.4KB, score=1.9832
  student_kd_1d smallest (k=3): params=7652, size=136.8KB, score=1.8495
  student_kd_1d small (k=5): params=12516, size=155.8KB, score=1.9590
  student_kd_1d medium (k=7): params=17380, size=174.8KB, score=1.9664
  student_kd_1d large (k=9): params=22244, size=193.8KB, score=1.9763
  student_kd_1d largest (k=11): params=27108, size=209.4KB, score=1.9808
