Device: cuda
T values to train: [5, 10, 15]
Kernel sizes: [3, 5, 7, 9, 11]

============================================================
  T = 5
============================================================

--- Teacher smallest (k=3, T=5) ---
  Epoch 1/50 | train=0.4568 | val=0.4576
  Epoch 11/50 | train=0.9304 | val=0.9270
  Epoch 21/50 | train=0.9565 | val=0.9448
  Epoch 31/50 | train=0.9595 | val=0.9645
  Epoch 41/50 | train=0.9610 | val=0.9744
/home/bst/Thumbthing_easy/lif_module.py:13: TracerWarning: Converting a tensor to a Python boolean might cause the trace to be incorrect. We can't record the data flow of Python values, so this value will be treated as a constant in the future. This means that the trace might not generalize to other inputs!
  if self.v is None or self.v.size() != x.size():
  Epoch 50/50 | train=0.9684 | val=0.9507
  Exported: snn_smallest_T5.ptl
  Best score: 1.9413

--- Student smallest (k=3, T=5) ---
  Epoch 1/50 | train=0.4716 | val=0.4398
  Epoch 11/50 | train=0.5605 | val=0.5030
  Epoch 21/50 | train=0.7348 | val=0.7535
  Epoch 31/50 | train=0.8459 | val=0.8264
  Epoch 41/50 | train=0.8879 | val=0.8679
/home/bst/Thumbthing_easy/model.py:76: TracerWarning: Converting a tensor to a Python boolean might cause the trace to be incorrect. We can't record the data flow of Python values, so this value will be treated as a constant in the future. This means that the trace might not generalize to other inputs!
  if self.v.numel() == 0 or self.v.shape != x.shape:
  Epoch 50/50 | train=0.9175 | val=0.9034
  Export failed for student_kd_smallest_T5.ptl: 
Could not export Python function call '_HardSpikeSTE'. Remove calls to Python functions before export. Did you forget to add @script or @script_method annotation? If this is a nn.ModuleList, add it to __constants__:
/home/bst/.local/lib/python3.10/site-packages/torch/autograd/function.py(576): apply
/home/bst/Thumbthing_easy/model.py(83): forward
/home/bst/.local/lib/python3.10/site-packages/torch/nn/modules/module.py(1763): _slow_forward
/home/bst/.local/lib/python3.10/site-packages/torch/nn/modules/module.py(1784): _call_impl
/home/bst/.local/lib/python3.10/site-packages/torch/nn/modules/module.py(1773): _wrapped_call_impl
/home/bst/Thumbthing_easy/train_t_sweep.py(87): forward
/home/bst/.local/lib/python3.10/site-packages/torch/nn/modules/module.py(1763): _slow_forward
/home/bst/.local/lib/python3.10/site-packages/torch/nn/modules/module.py(1784): _call_impl
/home/bst/.local/lib/python3.10/site-packages/torch/nn/modules/module.py(1773): _wrapped_call_impl
/home/bst/.local/lib/python3.10/site-packages/torch/jit/_trace.py(1282): trace_module
/home/bst/.local/lib/python3.10/site-packages/torch/jit/_trace.py(696): _trace_impl
/home/bst/.local/lib/python3.10/site-packages/torch/jit/_trace.py(1002): trace
/home/bst/Thumbthing_easy/train_t_sweep.py(124): export_ptl
/home/bst/Thumbthing_easy/train_t_sweep.py(259): main
/home/bst/Thumbthing_easy/train_t_sweep.py(284): <module>

  Best score: 1.8209

--- Teacher small (k=5, T=5) ---
  Epoch 1/50 | train=0.4578 | val=0.5582
  Epoch 11/50 | train=0.9630 | val=0.9586
  Epoch 21/50 | train=0.9733 | val=0.9763
  Epoch 31/50 | train=0.9600 | val=0.9586
  Epoch 41/50 | train=0.9743 | val=0.9704
  Epoch 50/50 | train=0.9738 | val=0.9704
  Exported: snn_small_T5.ptl
  Best score: 1.9551

--- Student small (k=5, T=5) ---
  Epoch 1/50 | train=0.4869 | val=0.4970
  Epoch 11/50 | train=0.6390 | val=0.6706
  Epoch 21/50 | train=0.8973 | val=0.8856
  Epoch 31/50 | train=0.9457 | val=0.9349
  Epoch 41/50 | train=0.9654 | val=0.9606
  Epoch 50/50 | train=0.9679 | val=0.9763
  Export failed for student_kd_small_T5.ptl: 
Could not export Python function call '_HardSpikeSTE'. Remove calls to Python functions before export. Did you forget to add @script or @script_method annotation? If this is a nn.ModuleList, add it to __constants__:
/home/bst/.local/lib/python3.10/site-packages/torch/autograd/function.py(576): apply
/home/bst/Thumbthing_easy/model.py(83): forward
/home/bst/.local/lib/python3.10/site-packages/torch/nn/modules/module.py(1763): _slow_forward
/home/bst/.local/lib/python3.10/site-packages/torch/nn/modules/module.py(1784): _call_impl
/home/bst/.local/lib/python3.10/site-packages/torch/nn/modules/module.py(1773): _wrapped_call_impl
/home/bst/Thumbthing_easy/train_t_sweep.py(87): forward
/home/bst/.local/lib/python3.10/site-packages/torch/nn/modules/module.py(1763): _slow_forward
/home/bst/.local/lib/python3.10/site-packages/torch/nn/modules/module.py(1784): _call_impl
/home/bst/.local/lib/python3.10/site-packages/torch/nn/modules/module.py(1773): _wrapped_call_impl
/home/bst/.local/lib/python3.10/site-packages/torch/jit/_trace.py(1282): trace_module
/home/bst/.local/lib/python3.10/site-packages/torch/jit/_trace.py(696): _trace_impl
/home/bst/.local/lib/python3.10/site-packages/torch/jit/_trace.py(1002): trace
/home/bst/Thumbthing_easy/train_t_sweep.py(124): export_ptl
/home/bst/Thumbthing_easy/train_t_sweep.py(259): main
/home/bst/Thumbthing_easy/train_t_sweep.py(284): <module>

  Best score: 1.9477

--- Teacher medium (k=7, T=5) ---
  Epoch 1/50 | train=0.4346 | val=0.5858
  Epoch 11/50 | train=0.9763 | val=0.9763
  Epoch 21/50 | train=0.9763 | val=0.9290
  Epoch 31/50 | train=0.9743 | val=0.9744
  Epoch 41/50 | train=0.9748 | val=0.9842
  Epoch 50/50 | train=0.9773 | val=0.9783
  Exported: snn_medium_T5.ptl
  Best score: 1.9640

--- Student medium (k=7, T=5) ---
  Epoch 1/50 | train=0.4810 | val=0.5010
  Epoch 11/50 | train=0.8721 | val=0.8738
  Epoch 21/50 | train=0.9620 | val=0.9487
  Epoch 31/50 | train=0.9738 | val=0.9665
  Epoch 41/50 | train=0.9753 | val=0.9665
  Epoch 50/50 | train=0.9798 | val=0.9783
  Export failed for student_kd_medium_T5.ptl: 
Could not export Python function call '_HardSpikeSTE'. Remove calls to Python functions before export. Did you forget to add @script or @script_method annotation? If this is a nn.ModuleList, add it to __constants__:
/home/bst/.local/lib/python3.10/site-packages/torch/autograd/function.py(576): apply
/home/bst/Thumbthing_easy/model.py(83): forward
/home/bst/.local/lib/python3.10/site-packages/torch/nn/modules/module.py(1763): _slow_forward
/home/bst/.local/lib/python3.10/site-packages/torch/nn/modules/module.py(1784): _call_impl
/home/bst/.local/lib/python3.10/site-packages/torch/nn/modules/module.py(1773): _wrapped_call_impl
/home/bst/Thumbthing_easy/train_t_sweep.py(87): forward
/home/bst/.local/lib/python3.10/site-packages/torch/nn/modules/module.py(1763): _slow_forward
/home/bst/.local/lib/python3.10/site-packages/torch/nn/modules/module.py(1784): _call_impl
/home/bst/.local/lib/python3.10/site-packages/torch/nn/modules/module.py(1773): _wrapped_call_impl
/home/bst/.local/lib/python3.10/site-packages/torch/jit/_trace.py(1282): trace_module
/home/bst/.local/lib/python3.10/site-packages/torch/jit/_trace.py(696): _trace_impl
/home/bst/.local/lib/python3.10/site-packages/torch/jit/_trace.py(1002): trace
/home/bst/Thumbthing_easy/train_t_sweep.py(124): export_ptl
/home/bst/Thumbthing_easy/train_t_sweep.py(259): main
/home/bst/Thumbthing_easy/train_t_sweep.py(284): <module>

  Best score: 1.9645

--- Teacher large (k=9, T=5) ---
  Epoch 1/50 | train=0.4568 | val=0.6351
  Epoch 11/50 | train=0.9644 | val=0.9606
  Epoch 21/50 | train=0.9719 | val=0.9763
  Epoch 31/50 | train=0.9689 | val=0.9724
  Epoch 41/50 | train=0.9728 | val=0.9606
  Epoch 50/50 | train=0.9719 | val=0.9665
  Exported: snn_large_T5.ptl
  Best score: 1.9586

--- Student large (k=9, T=5) ---
  Epoch 1/50 | train=0.4948 | val=0.5069
  Epoch 11/50 | train=0.9314 | val=0.9329
  Epoch 21/50 | train=0.9743 | val=0.9724
  Epoch 31/50 | train=0.9763 | val=0.9763
  Epoch 41/50 | train=0.9817 | val=0.9783
  Epoch 50/50 | train=0.9793 | val=0.9783
  Export failed for student_kd_large_T5.ptl: 
Could not export Python function call '_HardSpikeSTE'. Remove calls to Python functions before export. Did you forget to add @script or @script_method annotation? If this is a nn.ModuleList, add it to __constants__:
/home/bst/.local/lib/python3.10/site-packages/torch/autograd/function.py(576): apply
/home/bst/Thumbthing_easy/model.py(83): forward
/home/bst/.local/lib/python3.10/site-packages/torch/nn/modules/module.py(1763): _slow_forward
/home/bst/.local/lib/python3.10/site-packages/torch/nn/modules/module.py(1784): _call_impl
/home/bst/.local/lib/python3.10/site-packages/torch/nn/modules/module.py(1773): _wrapped_call_impl
/home/bst/Thumbthing_easy/train_t_sweep.py(87): forward
/home/bst/.local/lib/python3.10/site-packages/torch/nn/modules/module.py(1763): _slow_forward
/home/bst/.local/lib/python3.10/site-packages/torch/nn/modules/module.py(1784): _call_impl
/home/bst/.local/lib/python3.10/site-packages/torch/nn/modules/module.py(1773): _wrapped_call_impl
/home/bst/.local/lib/python3.10/site-packages/torch/jit/_trace.py(1282): trace_module
/home/bst/.local/lib/python3.10/site-packages/torch/jit/_trace.py(696): _trace_impl
/home/bst/.local/lib/python3.10/site-packages/torch/jit/_trace.py(1002): trace
/home/bst/Thumbthing_easy/train_t_sweep.py(124): export_ptl
/home/bst/Thumbthing_easy/train_t_sweep.py(259): main
/home/bst/Thumbthing_easy/train_t_sweep.py(284): <module>

  Best score: 1.9694

--- Teacher largest (k=11, T=5) ---
  Epoch 1/50 | train=0.4805 | val=0.6686
  Epoch 11/50 | train=0.9748 | val=0.9270
  Epoch 21/50 | train=0.9788 | val=0.9684
  Epoch 31/50 | train=0.9768 | val=0.9803
  Epoch 41/50 | train=0.9768 | val=0.9803
  Epoch 50/50 | train=0.9817 | val=0.9744
  Exported: snn_largest_T5.ptl
  Best score: 1.9674

--- Student largest (k=11, T=5) ---
  Epoch 1/50 | train=0.4765 | val=0.5247
  Epoch 11/50 | train=0.9644 | val=0.9645
  Epoch 21/50 | train=0.9788 | val=0.9724
  Epoch 31/50 | train=0.9807 | val=0.9783
  Epoch 41/50 | train=0.9827 | val=0.9862
  Epoch 50/50 | train=0.9832 | val=0.9783
  Export failed for student_kd_largest_T5.ptl: 
Could not export Python function call '_HardSpikeSTE'. Remove calls to Python functions before export. Did you forget to add @script or @script_method annotation? If this is a nn.ModuleList, add it to __constants__:
/home/bst/.local/lib/python3.10/site-packages/torch/autograd/function.py(576): apply
/home/bst/Thumbthing_easy/model.py(83): forward
/home/bst/.local/lib/python3.10/site-packages/torch/nn/modules/module.py(1763): _slow_forward
/home/bst/.local/lib/python3.10/site-packages/torch/nn/modules/module.py(1784): _call_impl
/home/bst/.local/lib/python3.10/site-packages/torch/nn/modules/module.py(1773): _wrapped_call_impl
/home/bst/Thumbthing_easy/train_t_sweep.py(87): forward
/home/bst/.local/lib/python3.10/site-packages/torch/nn/modules/module.py(1763): _slow_forward
/home/bst/.local/lib/python3.10/site-packages/torch/nn/modules/module.py(1784): _call_impl
/home/bst/.local/lib/python3.10/site-packages/torch/nn/modules/module.py(1773): _wrapped_call_impl
/home/bst/.local/lib/python3.10/site-packages/torch/jit/_trace.py(1282): trace_module
/home/bst/.local/lib/python3.10/site-packages/torch/jit/_trace.py(696): _trace_impl
/home/bst/.local/lib/python3.10/site-packages/torch/jit/_trace.py(1002): trace
/home/bst/Thumbthing_easy/train_t_sweep.py(124): export_ptl
/home/bst/Thumbthing_easy/train_t_sweep.py(259): main
/home/bst/Thumbthing_easy/train_t_sweep.py(284): <module>

  Best score: 1.9763

============================================================
  T = 10
============================================================

--- Teacher smallest (k=3, T=10) ---
  Epoch 1/50 | train=0.4736 | val=0.4832
  Epoch 11/50 | train=0.9220 | val=0.8738
  Epoch 21/50 | train=0.9595 | val=0.9389
  Epoch 31/50 | train=0.9640 | val=0.9349
  Epoch 41/50 | train=0.9709 | val=0.9665
  Epoch 50/50 | train=0.9778 | val=0.9310
  Exported: snn_smallest_T10.ptl
  Best score: 1.9477

--- Student smallest (k=3, T=10) ---
  Epoch 1/50 | train=0.4869 | val=0.5010
  Epoch 11/50 | train=0.5146 | val=0.5503
  Epoch 21/50 | train=0.6405 | val=0.6963
  Epoch 31/50 | train=0.7778 | val=0.8126
  Epoch 41/50 | train=0.8973 | val=0.8856
  Epoch 50/50 | train=0.9200 | val=0.9093
  Export failed for student_kd_smallest_T10.ptl: 
Could not export Python function call '_HardSpikeSTE'. Remove calls to Python functions before export. Did you forget to add @script or @script_method annotation? If this is a nn.ModuleList, add it to __constants__:
/home/bst/.local/lib/python3.10/site-packages/torch/autograd/function.py(576): apply
/home/bst/Thumbthing_easy/model.py(83): forward
/home/bst/.local/lib/python3.10/site-packages/torch/nn/modules/module.py(1763): _slow_forward
/home/bst/.local/lib/python3.10/site-packages/torch/nn/modules/module.py(1784): _call_impl
/home/bst/.local/lib/python3.10/site-packages/torch/nn/modules/module.py(1773): _wrapped_call_impl
/home/bst/Thumbthing_easy/train_t_sweep.py(87): forward
/home/bst/.local/lib/python3.10/site-packages/torch/nn/modules/module.py(1763): _slow_forward
/home/bst/.local/lib/python3.10/site-packages/torch/nn/modules/module.py(1784): _call_impl
/home/bst/.local/lib/python3.10/site-packages/torch/nn/modules/module.py(1773): _wrapped_call_impl
/home/bst/.local/lib/python3.10/site-packages/torch/jit/_trace.py(1282): trace_module
/home/bst/.local/lib/python3.10/site-packages/torch/jit/_trace.py(696): _trace_impl
/home/bst/.local/lib/python3.10/site-packages/torch/jit/_trace.py(1002): trace
/home/bst/Thumbthing_easy/train_t_sweep.py(124): export_ptl
/home/bst/Thumbthing_easy/train_t_sweep.py(259): main
/home/bst/Thumbthing_easy/train_t_sweep.py(284): <module>

  Best score: 1.8293

--- Teacher small (k=5, T=10) ---
  Epoch 1/50 | train=0.4775 | val=0.5897
  Epoch 11/50 | train=0.9570 | val=0.9665
  Epoch 21/50 | train=0.9773 | val=0.9744
  Epoch 31/50 | train=0.9763 | val=0.9803
  Epoch 41/50 | train=0.9768 | val=0.9744
  Epoch 50/50 | train=0.9783 | val=0.9842
  Exported: snn_small_T10.ptl
  Best score: 1.9630

--- Student small (k=5, T=10) ---
  Epoch 1/50 | train=0.4751 | val=0.5030
  Epoch 11/50 | train=0.6859 | val=0.6884
  Epoch 21/50 | train=0.9363 | val=0.9250
  Epoch 31/50 | train=0.9689 | val=0.9606
  Epoch 41/50 | train=0.9719 | val=0.9684
  Epoch 50/50 | train=0.9738 | val=0.9704
  Export failed for student_kd_small_T10.ptl: 
Could not export Python function call '_HardSpikeSTE'. Remove calls to Python functions before export. Did you forget to add @script or @script_method annotation? If this is a nn.ModuleList, add it to __constants__:
/home/bst/.local/lib/python3.10/site-packages/torch/autograd/function.py(576): apply
/home/bst/Thumbthing_easy/model.py(83): forward
/home/bst/.local/lib/python3.10/site-packages/torch/nn/modules/module.py(1763): _slow_forward
/home/bst/.local/lib/python3.10/site-packages/torch/nn/modules/module.py(1784): _call_impl
/home/bst/.local/lib/python3.10/site-packages/torch/nn/modules/module.py(1773): _wrapped_call_impl
/home/bst/Thumbthing_easy/train_t_sweep.py(87): forward
/home/bst/.local/lib/python3.10/site-packages/torch/nn/modules/module.py(1763): _slow_forward
/home/bst/.local/lib/python3.10/site-packages/torch/nn/modules/module.py(1784): _call_impl
/home/bst/.local/lib/python3.10/site-packages/torch/nn/modules/module.py(1773): _wrapped_call_impl
/home/bst/.local/lib/python3.10/site-packages/torch/jit/_trace.py(1282): trace_module
/home/bst/.local/lib/python3.10/site-packages/torch/jit/_trace.py(696): _trace_impl
/home/bst/.local/lib/python3.10/site-packages/torch/jit/_trace.py(1002): trace
/home/bst/Thumbthing_easy/train_t_sweep.py(124): export_ptl
/home/bst/Thumbthing_easy/train_t_sweep.py(259): main
/home/bst/Thumbthing_easy/train_t_sweep.py(284): <module>

  Best score: 1.9507

--- Teacher medium (k=7, T=10) ---
  Epoch 1/50 | train=0.4998 | val=0.8008
  Epoch 11/50 | train=0.9694 | val=0.9783
  Epoch 21/50 | train=0.9758 | val=0.9783
  Epoch 31/50 | train=0.9773 | val=0.9803
  Epoch 41/50 | train=0.9807 | val=0.9724
  Epoch 50/50 | train=0.9783 | val=0.9803
  Exported: snn_medium_T10.ptl
  Best score: 1.9655

--- Student medium (k=7, T=10) ---
  Epoch 1/50 | train=0.4884 | val=0.5108
  Epoch 11/50 | train=0.9121 | val=0.8856
  Epoch 21/50 | train=0.9679 | val=0.9586
  Epoch 31/50 | train=0.9748 | val=0.9704
  Epoch 41/50 | train=0.9807 | val=0.9763
  Epoch 50/50 | train=0.9817 | val=0.9763
  Export failed for student_kd_medium_T10.ptl: 
Could not export Python function call '_HardSpikeSTE'. Remove calls to Python functions before export. Did you forget to add @script or @script_method annotation? If this is a nn.ModuleList, add it to __constants__:
/home/bst/.local/lib/python3.10/site-packages/torch/autograd/function.py(576): apply
/home/bst/Thumbthing_easy/model.py(83): forward
/home/bst/.local/lib/python3.10/site-packages/torch/nn/modules/module.py(1763): _slow_forward
/home/bst/.local/lib/python3.10/site-packages/torch/nn/modules/module.py(1784): _call_impl
/home/bst/.local/lib/python3.10/site-packages/torch/nn/modules/module.py(1773): _wrapped_call_impl
/home/bst/Thumbthing_easy/train_t_sweep.py(87): forward
/home/bst/.local/lib/python3.10/site-packages/torch/nn/modules/module.py(1763): _slow_forward
/home/bst/.local/lib/python3.10/site-packages/torch/nn/modules/module.py(1784): _call_impl
/home/bst/.local/lib/python3.10/site-packages/torch/nn/modules/module.py(1773): _wrapped_call_impl
/home/bst/.local/lib/python3.10/site-packages/torch/jit/_trace.py(1282): trace_module
/home/bst/.local/lib/python3.10/site-packages/torch/jit/_trace.py(696): _trace_impl
/home/bst/.local/lib/python3.10/site-packages/torch/jit/_trace.py(1002): trace
/home/bst/Thumbthing_easy/train_t_sweep.py(124): export_ptl
/home/bst/Thumbthing_easy/train_t_sweep.py(259): main
/home/bst/Thumbthing_easy/train_t_sweep.py(284): <module>

  Best score: 1.9620

--- Teacher large (k=9, T=10) ---
  Epoch 1/50 | train=0.5472 | val=0.7337
  Epoch 11/50 | train=0.9758 | val=0.9744
  Epoch 21/50 | train=0.9822 | val=0.9822
  Epoch 31/50 | train=0.9817 | val=0.9724
  Epoch 41/50 | train=0.9738 | val=0.9704
  Epoch 50/50 | train=0.9827 | val=0.9803
  Exported: snn_large_T10.ptl
  Best score: 1.9689

--- Student large (k=9, T=10) ---
  Epoch 1/50 | train=0.4815 | val=0.5464
  Epoch 11/50 | train=0.9368 | val=0.9270
  Epoch 21/50 | train=0.9743 | val=0.9684
  Epoch 31/50 | train=0.9817 | val=0.9803
  Epoch 41/50 | train=0.9847 | val=0.9822
  Epoch 50/50 | train=0.9837 | val=0.9842
  Export failed for student_kd_large_T10.ptl: 
Could not export Python function call '_HardSpikeSTE'. Remove calls to Python functions before export. Did you forget to add @script or @script_method annotation? If this is a nn.ModuleList, add it to __constants__:
/home/bst/.local/lib/python3.10/site-packages/torch/autograd/function.py(576): apply
/home/bst/Thumbthing_easy/model.py(83): forward
/home/bst/.local/lib/python3.10/site-packages/torch/nn/modules/module.py(1763): _slow_forward
/home/bst/.local/lib/python3.10/site-packages/torch/nn/modules/module.py(1784): _call_impl
/home/bst/.local/lib/python3.10/site-packages/torch/nn/modules/module.py(1773): _wrapped_call_impl
/home/bst/Thumbthing_easy/train_t_sweep.py(87): forward
/home/bst/.local/lib/python3.10/site-packages/torch/nn/modules/module.py(1763): _slow_forward
/home/bst/.local/lib/python3.10/site-packages/torch/nn/modules/module.py(1784): _call_impl
/home/bst/.local/lib/python3.10/site-packages/torch/nn/modules/module.py(1773): _wrapped_call_impl
/home/bst/.local/lib/python3.10/site-packages/torch/jit/_trace.py(1282): trace_module
/home/bst/.local/lib/python3.10/site-packages/torch/jit/_trace.py(696): _trace_impl
/home/bst/.local/lib/python3.10/site-packages/torch/jit/_trace.py(1002): trace
/home/bst/Thumbthing_easy/train_t_sweep.py(124): export_ptl
/home/bst/Thumbthing_easy/train_t_sweep.py(259): main
/home/bst/Thumbthing_easy/train_t_sweep.py(284): <module>

  Best score: 1.9704

--- Teacher largest (k=11, T=10) ---
  Epoch 1/50 | train=0.5615 | val=0.7081
  Epoch 11/50 | train=0.9798 | val=0.9803
  Epoch 21/50 | train=0.9837 | val=0.9822
  Epoch 31/50 | train=0.9837 | val=0.9546
  Epoch 41/50 | train=0.9798 | val=0.9803
  Epoch 50/50 | train=0.9832 | val=0.9566
  Exported: snn_largest_T10.ptl
  Best score: 1.9669

--- Student largest (k=11, T=10) ---
  Epoch 1/50 | train=0.4677 | val=0.4359
  Epoch 11/50 | train=0.9570 | val=0.9527
  Epoch 21/50 | train=0.9783 | val=0.9744
  Epoch 31/50 | train=0.9812 | val=0.9763
  Epoch 41/50 | train=0.9862 | val=0.9803
  Epoch 50/50 | train=0.9901 | val=0.9822
  Export failed for student_kd_largest_T10.ptl: 
Could not export Python function call '_HardSpikeSTE'. Remove calls to Python functions before export. Did you forget to add @script or @script_method annotation? If this is a nn.ModuleList, add it to __constants__:
/home/bst/.local/lib/python3.10/site-packages/torch/autograd/function.py(576): apply
/home/bst/Thumbthing_easy/model.py(83): forward
/home/bst/.local/lib/python3.10/site-packages/torch/nn/modules/module.py(1763): _slow_forward
/home/bst/.local/lib/python3.10/site-packages/torch/nn/modules/module.py(1784): _call_impl
/home/bst/.local/lib/python3.10/site-packages/torch/nn/modules/module.py(1773): _wrapped_call_impl
/home/bst/Thumbthing_easy/train_t_sweep.py(87): forward
/home/bst/.local/lib/python3.10/site-packages/torch/nn/modules/module.py(1763): _slow_forward
/home/bst/.local/lib/python3.10/site-packages/torch/nn/modules/module.py(1784): _call_impl
/home/bst/.local/lib/python3.10/site-packages/torch/nn/modules/module.py(1773): _wrapped_call_impl
/home/bst/.local/lib/python3.10/site-packages/torch/jit/_trace.py(1282): trace_module
/home/bst/.local/lib/python3.10/site-packages/torch/jit/_trace.py(696): _trace_impl
/home/bst/.local/lib/python3.10/site-packages/torch/jit/_trace.py(1002): trace
/home/bst/Thumbthing_easy/train_t_sweep.py(124): export_ptl
/home/bst/Thumbthing_easy/train_t_sweep.py(259): main
/home/bst/Thumbthing_easy/train_t_sweep.py(284): <module>

  Best score: 1.9724

============================================================
  T = 15
============================================================

--- Teacher smallest (k=3, T=15) ---
  Epoch 1/50 | train=0.4607 | val=0.4438
  Epoch 11/50 | train=0.9481 | val=0.9389
  Epoch 21/50 | train=0.9763 | val=0.9704
  Epoch 31/50 | train=0.9743 | val=0.9744
  Epoch 41/50 | train=0.9728 | val=0.9783
  Epoch 50/50 | train=0.9694 | val=0.9783
  Exported: snn_smallest_T15.ptl
  Best score: 1.9526

--- Student smallest (k=3, T=15) ---
  Epoch 1/50 | train=0.4835 | val=0.4931
  Epoch 11/50 | train=0.5244 | val=0.5523
  Epoch 21/50 | train=0.7486 | val=0.6824
  Epoch 31/50 | train=0.8943 | val=0.8757
  Epoch 41/50 | train=0.9294 | val=0.9073
  Epoch 50/50 | train=0.9383 | val=0.9270
  Export failed for student_kd_smallest_T15.ptl: 
Could not export Python function call '_HardSpikeSTE'. Remove calls to Python functions before export. Did you forget to add @script or @script_method annotation? If this is a nn.ModuleList, add it to __constants__:
/home/bst/.local/lib/python3.10/site-packages/torch/autograd/function.py(576): apply
/home/bst/Thumbthing_easy/model.py(83): forward
/home/bst/.local/lib/python3.10/site-packages/torch/nn/modules/module.py(1763): _slow_forward
/home/bst/.local/lib/python3.10/site-packages/torch/nn/modules/module.py(1784): _call_impl
/home/bst/.local/lib/python3.10/site-packages/torch/nn/modules/module.py(1773): _wrapped_call_impl
/home/bst/Thumbthing_easy/train_t_sweep.py(87): forward
/home/bst/.local/lib/python3.10/site-packages/torch/nn/modules/module.py(1763): _slow_forward
/home/bst/.local/lib/python3.10/site-packages/torch/nn/modules/module.py(1784): _call_impl
/home/bst/.local/lib/python3.10/site-packages/torch/nn/modules/module.py(1773): _wrapped_call_impl
/home/bst/.local/lib/python3.10/site-packages/torch/jit/_trace.py(1282): trace_module
/home/bst/.local/lib/python3.10/site-packages/torch/jit/_trace.py(696): _trace_impl
/home/bst/.local/lib/python3.10/site-packages/torch/jit/_trace.py(1002): trace
/home/bst/Thumbthing_easy/train_t_sweep.py(124): export_ptl
/home/bst/Thumbthing_easy/train_t_sweep.py(259): main
/home/bst/Thumbthing_easy/train_t_sweep.py(284): <module>

  Best score: 1.8781

--- Teacher small (k=5, T=15) ---
  Epoch 1/50 | train=0.4622 | val=0.5030
  Epoch 11/50 | train=0.9719 | val=0.9704
  Epoch 21/50 | train=0.9743 | val=0.9822
  Epoch 31/50 | train=0.9822 | val=0.9822
  Epoch 41/50 | train=0.9837 | val=0.9803
  Epoch 50/50 | train=0.9837 | val=0.9822
  Exported: snn_small_T15.ptl
  Best score: 1.9684

--- Student small (k=5, T=15) ---
  Epoch 1/50 | train=0.4657 | val=0.4872
  Epoch 11/50 | train=0.5664 | val=0.5108
  Epoch 21/50 | train=0.8677 | val=0.8718
  Epoch 31/50 | train=0.9353 | val=0.9448
  Epoch 41/50 | train=0.9620 | val=0.9566
  Epoch 50/50 | train=0.9743 | val=0.9625
  Export failed for student_kd_small_T15.ptl: 
Could not export Python function call '_HardSpikeSTE'. Remove calls to Python functions before export. Did you forget to add @script or @script_method annotation? If this is a nn.ModuleList, add it to __constants__:
/home/bst/.local/lib/python3.10/site-packages/torch/autograd/function.py(576): apply
/home/bst/Thumbthing_easy/model.py(83): forward
/home/bst/.local/lib/python3.10/site-packages/torch/nn/modules/module.py(1763): _slow_forward
/home/bst/.local/lib/python3.10/site-packages/torch/nn/modules/module.py(1784): _call_impl
/home/bst/.local/lib/python3.10/site-packages/torch/nn/modules/module.py(1773): _wrapped_call_impl
/home/bst/Thumbthing_easy/train_t_sweep.py(87): forward
/home/bst/.local/lib/python3.10/site-packages/torch/nn/modules/module.py(1763): _slow_forward
/home/bst/.local/lib/python3.10/site-packages/torch/nn/modules/module.py(1784): _call_impl
/home/bst/.local/lib/python3.10/site-packages/torch/nn/modules/module.py(1773): _wrapped_call_impl
/home/bst/.local/lib/python3.10/site-packages/torch/jit/_trace.py(1282): trace_module
/home/bst/.local/lib/python3.10/site-packages/torch/jit/_trace.py(696): _trace_impl
/home/bst/.local/lib/python3.10/site-packages/torch/jit/_trace.py(1002): trace
/home/bst/Thumbthing_easy/train_t_sweep.py(124): export_ptl
/home/bst/Thumbthing_easy/train_t_sweep.py(259): main
/home/bst/Thumbthing_easy/train_t_sweep.py(284): <module>

  Best score: 1.9413

--- Teacher medium (k=7, T=15) ---
  Epoch 1/50 | train=0.5452 | val=0.7870
  Epoch 11/50 | train=0.9788 | val=0.9783
  Epoch 21/50 | train=0.9773 | val=0.9744
  Epoch 31/50 | train=0.9822 | val=0.9763
  Epoch 41/50 | train=0.9788 | val=0.9704
  Epoch 50/50 | train=0.9768 | val=0.9803
  Exported: snn_medium_T15.ptl
  Best score: 1.9640

--- Student medium (k=7, T=15) ---
  Epoch 1/50 | train=0.4963 | val=0.5227
  Epoch 11/50 | train=0.8874 | val=0.8462
  Epoch 21/50 | train=0.9699 | val=0.9704
  Epoch 31/50 | train=0.9798 | val=0.9783
  Epoch 41/50 | train=0.9827 | val=0.9822
  Epoch 50/50 | train=0.9807 | val=0.9862
  Export failed for student_kd_medium_T15.ptl: 
Could not export Python function call '_HardSpikeSTE'. Remove calls to Python functions before export. Did you forget to add @script or @script_method annotation? If this is a nn.ModuleList, add it to __constants__:
/home/bst/.local/lib/python3.10/site-packages/torch/autograd/function.py(576): apply
/home/bst/Thumbthing_easy/model.py(83): forward
/home/bst/.local/lib/python3.10/site-packages/torch/nn/modules/module.py(1763): _slow_forward
/home/bst/.local/lib/python3.10/site-packages/torch/nn/modules/module.py(1784): _call_impl
/home/bst/.local/lib/python3.10/site-packages/torch/nn/modules/module.py(1773): _wrapped_call_impl
/home/bst/Thumbthing_easy/train_t_sweep.py(87): forward
/home/bst/.local/lib/python3.10/site-packages/torch/nn/modules/module.py(1763): _slow_forward
/home/bst/.local/lib/python3.10/site-packages/torch/nn/modules/module.py(1784): _call_impl
/home/bst/.local/lib/python3.10/site-packages/torch/nn/modules/module.py(1773): _wrapped_call_impl
/home/bst/.local/lib/python3.10/site-packages/torch/jit/_trace.py(1282): trace_module
/home/bst/.local/lib/python3.10/site-packages/torch/jit/_trace.py(696): _trace_impl
/home/bst/.local/lib/python3.10/site-packages/torch/jit/_trace.py(1002): trace
/home/bst/Thumbthing_easy/train_t_sweep.py(124): export_ptl
/home/bst/Thumbthing_easy/train_t_sweep.py(259): main
/home/bst/Thumbthing_easy/train_t_sweep.py(284): <module>

  Best score: 1.9669

--- Teacher large (k=9, T=15) ---
  Epoch 1/50 | train=0.6217 | val=0.7318
  Epoch 11/50 | train=0.9709 | val=0.9783
  Epoch 21/50 | train=0.9783 | val=0.9803
  Epoch 31/50 | train=0.9827 | val=0.9803
  Epoch 41/50 | train=0.9837 | val=0.9783
  Epoch 50/50 | train=0.9807 | val=0.9783
  Exported: snn_large_T15.ptl
  Best score: 1.9674

--- Student large (k=9, T=15) ---
  Epoch 1/50 | train=0.4840 | val=0.4931
  Epoch 11/50 | train=0.9491 | val=0.9389
  Epoch 21/50 | train=0.9827 | val=0.9724
  Epoch 31/50 | train=0.9822 | val=0.9803
  Epoch 41/50 | train=0.9832 | val=0.9822
  Epoch 50/50 | train=0.9832 | val=0.9862
  Export failed for student_kd_large_T15.ptl: 
Could not export Python function call '_HardSpikeSTE'. Remove calls to Python functions before export. Did you forget to add @script or @script_method annotation? If this is a nn.ModuleList, add it to __constants__:
/home/bst/.local/lib/python3.10/site-packages/torch/autograd/function.py(576): apply
/home/bst/Thumbthing_easy/model.py(83): forward
/home/bst/.local/lib/python3.10/site-packages/torch/nn/modules/module.py(1763): _slow_forward
/home/bst/.local/lib/python3.10/site-packages/torch/nn/modules/module.py(1784): _call_impl
/home/bst/.local/lib/python3.10/site-packages/torch/nn/modules/module.py(1773): _wrapped_call_impl
/home/bst/Thumbthing_easy/train_t_sweep.py(87): forward
/home/bst/.local/lib/python3.10/site-packages/torch/nn/modules/module.py(1763): _slow_forward
/home/bst/.local/lib/python3.10/site-packages/torch/nn/modules/module.py(1784): _call_impl
/home/bst/.local/lib/python3.10/site-packages/torch/nn/modules/module.py(1773): _wrapped_call_impl
/home/bst/.local/lib/python3.10/site-packages/torch/jit/_trace.py(1282): trace_module
/home/bst/.local/lib/python3.10/site-packages/torch/jit/_trace.py(696): _trace_impl
/home/bst/.local/lib/python3.10/site-packages/torch/jit/_trace.py(1002): trace
/home/bst/Thumbthing_easy/train_t_sweep.py(124): export_ptl
/home/bst/Thumbthing_easy/train_t_sweep.py(259): main
/home/bst/Thumbthing_easy/train_t_sweep.py(284): <module>

  Best score: 1.9719

--- Teacher largest (k=11, T=15) ---
  Epoch 1/50 | train=0.6410 | val=0.9349
  Epoch 11/50 | train=0.9802 | val=0.9724
  Epoch 21/50 | train=0.9832 | val=0.9448
  Epoch 31/50 | train=0.9827 | val=0.9665
  Epoch 41/50 | train=0.9891 | val=0.9763
  Epoch 50/50 | train=0.9872 | val=0.9842
  Exported: snn_largest_T15.ptl
  Best score: 1.9714

--- Student largest (k=11, T=15) ---
  Epoch 1/50 | train=0.4681 | val=0.4892
  Epoch 11/50 | train=0.9620 | val=0.9684
  Epoch 21/50 | train=0.9788 | val=0.9724
  Epoch 31/50 | train=0.9822 | val=0.9882
  Epoch 41/50 | train=0.9877 | val=0.9842
  Epoch 50/50 | train=0.9877 | val=0.9862
  Export failed for student_kd_largest_T15.ptl: 
Could not export Python function call '_HardSpikeSTE'. Remove calls to Python functions before export. Did you forget to add @script or @script_method annotation? If this is a nn.ModuleList, add it to __constants__:
/home/bst/.local/lib/python3.10/site-packages/torch/autograd/function.py(576): apply
/home/bst/Thumbthing_easy/model.py(83): forward
/home/bst/.local/lib/python3.10/site-packages/torch/nn/modules/module.py(1763): _slow_forward
/home/bst/.local/lib/python3.10/site-packages/torch/nn/modules/module.py(1784): _call_impl
/home/bst/.local/lib/python3.10/site-packages/torch/nn/modules/module.py(1773): _wrapped_call_impl
/home/bst/Thumbthing_easy/train_t_sweep.py(87): forward
/home/bst/.local/lib/python3.10/site-packages/torch/nn/modules/module.py(1763): _slow_forward
/home/bst/.local/lib/python3.10/site-packages/torch/nn/modules/module.py(1784): _call_impl
/home/bst/.local/lib/python3.10/site-packages/torch/nn/modules/module.py(1773): _wrapped_call_impl
/home/bst/.local/lib/python3.10/site-packages/torch/jit/_trace.py(1282): trace_module
/home/bst/.local/lib/python3.10/site-packages/torch/jit/_trace.py(696): _trace_impl
/home/bst/.local/lib/python3.10/site-packages/torch/jit/_trace.py(1002): trace
/home/bst/Thumbthing_easy/train_t_sweep.py(124): export_ptl
/home/bst/Thumbthing_easy/train_t_sweep.py(259): main
/home/bst/Thumbthing_easy/train_t_sweep.py(284): <module>

  Best score: 1.9778

============================================================
Results saved to ./result/t_sweep_results.json
============================================================
  T=5 teacher  smallest (k=3): score=1.9413
  T=5 student  smallest (k=3): score=1.8209
  T=5 teacher  small    (k=5): score=1.9551
  T=5 student  small    (k=5): score=1.9477
  T=5 teacher  medium   (k=7): score=1.9640
  T=5 student  medium   (k=7): score=1.9645
  T=5 teacher  large    (k=9): score=1.9586
  T=5 student  large    (k=9): score=1.9694
  T=5 teacher  largest  (k=11): score=1.9674
  T=5 student  largest  (k=11): score=1.9763
  T=10 teacher  smallest (k=3): score=1.9477
  T=10 student  smallest (k=3): score=1.8293
  T=10 teacher  small    (k=5): score=1.9630
  T=10 student  small    (k=5): score=1.9507
  T=10 teacher  medium   (k=7): score=1.9655
  T=10 student  medium   (k=7): score=1.9620
  T=10 teacher  large    (k=9): score=1.9689
  T=10 student  large    (k=9): score=1.9704
  T=10 teacher  largest  (k=11): score=1.9669
  T=10 student  largest  (k=11): score=1.9724
  T=15 teacher  smallest (k=3): score=1.9526
  T=15 student  smallest (k=3): score=1.8781
  T=15 teacher  small    (k=5): score=1.9684
  T=15 student  small    (k=5): score=1.9413
  T=15 teacher  medium   (k=7): score=1.9640
  T=15 student  medium   (k=7): score=1.9669
  T=15 teacher  large    (k=9): score=1.9674
  T=15 student  large    (k=9): score=1.9719
  T=15 teacher  largest  (k=11): score=1.9714
  T=15 student  largest  (k=11): score=1.9778
